<?xml version="1.0" encoding="UTF-8"?>
<testsuite xmlns:xsi="http://www.w3.org/2001/XMLSchema-instance" xsi:noNamespaceSchemaLocation="https://maven.apache.org/surefire/maven-surefire-plugin/xsd/surefire-test-report-3.0.xsd" version="3.0" name="HorseTest" time="0.133" tests="17" errors="0" skipped="0" failures="0">
  <properties>
[...]
</properties>
  <testcase name="horseNameAsBlank(String)[1]" classname="HorseTest" time="0.028">
    <system-out><![CDATA[2023-03-03 08:09:31,465 ERROR Horse: Name is blank
]]></system-out>
  </testcase>
  <testcase name="horseNameAsBlank(String)[2]" classname="HorseTest" time="0.002">
    <system-out><![CDATA[2023-03-03 08:09:31,473 ERROR Horse: Name is blank
]]></system-out>
  </testcase>
  <testcase name="horseNameAsBlank(String)[3]" classname="HorseTest" time="0.001">
    <system-out><![CDATA[2023-03-03 08:09:31,476 ERROR Horse: Name is blank
]]></system-out>
  </testcase>
  <testcase name="horseNameAsBlank(String)[4]" classname="HorseTest" time="0.001">
    <system-out><![CDATA[2023-03-03 08:09:31,478 ERROR Horse: Name is blank
]]></system-out>
  </testcase>
  <testcase name="horseNameAsBlank(String)[5]" classname="HorseTest" time="0.001">
    <system-out><![CDATA[2023-03-03 08:09:31,481 ERROR Horse: Name is blank
]]></system-out>
  </testcase>
  <testcase name="horseGetZeroDistance" classname="HorseTest" time="0.001">
    <system-out><![CDATA[2023-03-03 08:09:31,483 DEBUG Horse: Создание Horse, имя [horse], скорость [2.0]
]]></system-out>
  </testcase>
  <testcase name="horseMoveUsesGetRandomDouble" classname="HorseTest" time="0.006">
    <system-out><![CDATA[2023-03-03 08:09:31,486 DEBUG Horse: Создание Horse, имя [name], скорость [1.0]
2.0
]]></system-out>
  </testcase>
  <testcase name="horseCheckDistanceAfterMove(Double)[1]" classname="HorseTest" time="0.009">
    <system-out><![CDATA[2023-03-03 08:09:31,494 DEBUG Horse: Создание Horse, имя [name], скорость [2.0]
]]></system-out>
  </testcase>
  <testcase name="horseCheckDistanceAfterMove(Double)[2]" classname="HorseTest" time="0.002">
    <system-out><![CDATA[2023-03-03 08:09:31,505 DEBUG Horse: Создание Horse, имя [name], скорость [2.0]
]]></system-out>
  </testcase>
  <testcase name="horseCheckDistanceAfterMove(Double)[3]" classname="HorseTest" time="0.002">
    <system-out><![CDATA[2023-03-03 08:09:31,508 DEBUG Horse: Создание Horse, имя [name], скорость [2.0]
]]></system-out>
  </testcase>
  <testcase name="horseCheckDistanceAfterMove(Double)[4]" classname="HorseTest" time="0.001">
    <system-out><![CDATA[2023-03-03 08:09:31,510 DEBUG Horse: Создание Horse, имя [name], скорость [2.0]
]]></system-out>
  </testcase>
  <testcase name="horseNameAsNull" classname="HorseTest" time="0.001">
    <system-out><![CDATA[2023-03-03 08:09:31,513 ERROR Horse: Name is null
]]></system-out>
  </testcase>
  <testcase name="horseSpeedAsNegative" classname="HorseTest" time="0.001">
    <system-out><![CDATA[2023-03-03 08:09:31,515 ERROR Horse: Speed is negative
]]></system-out>
  </testcase>
  <testcase name="horseGetSpeed" classname="HorseTest" time="0.001">
    <system-out><![CDATA[2023-03-03 08:09:31,516 DEBUG Horse: Создание Horse, имя [horse], скорость [2.0]
]]></system-out>
  </testcase>
  <testcase name="horseDistanceAsNegative" classname="HorseTest" time="0.001">
    <system-out><![CDATA[2023-03-03 08:09:31,519 ERROR Horse: Distance is negative
]]></system-out>
  </testcase>
  <testcase name="horseGetDistance" classname="HorseTest" time="0.001">
    <system-out><![CDATA[2023-03-03 08:09:31,521 DEBUG Horse: Создание Horse, имя [horse], скорость [2.0]
]]></system-out>
  </testcase>
  <testcase name="horseGetName" classname="HorseTest" time="0.001">
    <system-out><![CDATA[2023-03-03 08:09:31,522 DEBUG Horse: Создание Horse, имя [horse], скорость [2.0]
]]></system-out>
  </testcase>
</testsuite>