<?xml version="1.0" encoding="UTF-8"?>
<testsuite xmlns:xsi="http://www.w3.org/2001/XMLSchema-instance" xsi:noNamespaceSchemaLocation="https://maven.apache.org/surefire/maven-surefire-plugin/xsd/surefire-test-report-3.0.xsd" version="3.0" name="HippodromeTest" time="1.764" tests="5" errors="0" skipped="0" failures="0">
  <properties>
[...]
</properties>
  <testcase name="hippodromeMove" classname="HippodromeTest" time="1.696">
    <system-out><![CDATA[2023-03-03 08:09:31,254 DEBUG Hippodrome: Создание Hippodrome, лошадей 50
]]></system-out>
  </testcase>
  <testcase name="hippodromeGetsNullHorsesList" classname="HippodromeTest" time="0.011">
    <system-out><![CDATA[2023-03-03 08:09:31,333 ERROR Hippodrome: Horses list is null
]]></system-out>
  </testcase>
  <testcase name="hippodromeGetsEmptyHorsesList" classname="HippodromeTest" time="0.002">
    <system-out><![CDATA[2023-03-03 08:09:31,338 ERROR Hippodrome: Horses list is empty
]]></system-out>
  </testcase>
  <testcase name="hippodromeGetHorses" classname="HippodromeTest" time="0.011">
    <system-out><![CDATA[2023-03-03 08:09:31,341 DEBUG Horse: Создание Horse, имя [0], скорость [0.0]
2023-03-03 08:09:31,341 DEBUG Horse: Создание Horse, имя [1], скорость [1.0]
2023-03-03 08:09:31,342 DEBUG Horse: Создание Horse, имя [2], скорость [2.0]
2023-03-03 08:09:31,342 DEBUG Horse: Создание Horse, имя [3], скорость [3.0]
2023-03-03 08:09:31,342 DEBUG Horse: Создание Horse, имя [4], скорость [4.0]
2023-03-03 08:09:31,343 DEBUG Horse: Создание Horse, имя [5], скорость [5.0]
2023-03-03 08:09:31,343 DEBUG Horse: Создание Horse, имя [6], скорость [6.0]
2023-03-03 08:09:31,343 DEBUG Horse: Создание Horse, имя [7], скорость [7.0]
2023-03-03 08:09:31,344 DEBUG Horse: Создание Horse, имя [8], скорость [8.0]
2023-03-03 08:09:31,344 DEBUG Horse: Создание Horse, имя [9], скорость [9.0]
2023-03-03 08:09:31,345 DEBUG Horse: Создание Horse, имя [10], скорость [10.0]
2023-03-03 08:09:31,345 DEBUG Horse: Создание Horse, имя [11], скорость [11.0]
2023-03-03 08:09:31,345 DEBUG Horse: Создание Horse, имя [12], скорость [12.0]
2023-03-03 08:09:31,346 DEBUG Horse: Создание Horse, имя [13], скорость [13.0]
2023-03-03 08:09:31,346 DEBUG Horse: Создание Horse, имя [14], скорость [14.0]
2023-03-03 08:09:31,346 DEBUG Horse: Создание Horse, имя [15], скорость [15.0]
2023-03-03 08:09:31,346 DEBUG Horse: Создание Horse, имя [16], скорость [16.0]
2023-03-03 08:09:31,347 DEBUG Horse: Создание Horse, имя [17], скорость [17.0]
2023-03-03 08:09:31,347 DEBUG Horse: Создание Horse, имя [18], скорость [18.0]
2023-03-03 08:09:31,347 DEBUG Horse: Создание Horse, имя [19], скорость [19.0]
2023-03-03 08:09:31,348 DEBUG Horse: Создание Horse, имя [20], скорость [20.0]
2023-03-03 08:09:31,348 DEBUG Horse: Создание Horse, имя [21], скорость [21.0]
2023-03-03 08:09:31,348 DEBUG Horse: Создание Horse, имя [22], скорость [22.0]
2023-03-03 08:09:31,348 DEBUG Horse: Создание Horse, имя [23], скорость [23.0]
2023-03-03 08:09:31,349 DEBUG Horse: Создание Horse, имя [24], скорость [24.0]
2023-03-03 08:09:31,349 DEBUG Horse: Создание Horse, имя [25], скорость [25.0]
2023-03-03 08:09:31,349 DEBUG Horse: Создание Horse, имя [26], скорость [26.0]
2023-03-03 08:09:31,350 DEBUG Horse: Создание Horse, имя [27], скорость [27.0]
2023-03-03 08:09:31,350 DEBUG Horse: Создание Horse, имя [28], скорость [28.0]
2023-03-03 08:09:31,350 DEBUG Horse: Создание Horse, имя [29], скорость [29.0]
2023-03-03 08:09:31,350 DEBUG Hippodrome: Создание Hippodrome, лошадей 30
]]></system-out>
  </testcase>
  <testcase name="hippodromeGetWinner" classname="HippodromeTest" time="0.015">
    <system-out><![CDATA[2023-03-03 08:09:31,356 DEBUG Horse: Создание Horse, имя [0], скорость [0.0]
2023-03-03 08:09:31,356 DEBUG Horse: Создание Horse, имя [1], скорость [1.0]
2023-03-03 08:09:31,357 DEBUG Horse: Создание Horse, имя [2], скорость [2.0]
2023-03-03 08:09:31,357 DEBUG Horse: Создание Horse, имя [3], скорость [3.0]
2023-03-03 08:09:31,357 DEBUG Horse: Создание Horse, имя [4], скорость [4.0]
2023-03-03 08:09:31,358 DEBUG Horse: Создание Horse, имя [5], скорость [5.0]
2023-03-03 08:09:31,359 DEBUG Horse: Создание Horse, имя [6], скорость [6.0]
2023-03-03 08:09:31,359 DEBUG Horse: Создание Horse, имя [7], скорость [7.0]
2023-03-03 08:09:31,360 DEBUG Horse: Создание Horse, имя [8], скорость [8.0]
2023-03-03 08:09:31,360 DEBUG Horse: Создание Horse, имя [9], скорость [9.0]
2023-03-03 08:09:31,361 DEBUG Horse: Создание Horse, имя [10], скорость [10.0]
2023-03-03 08:09:31,361 DEBUG Horse: Создание Horse, имя [11], скорость [11.0]
2023-03-03 08:09:31,361 DEBUG Horse: Создание Horse, имя [12], скорость [12.0]
2023-03-03 08:09:31,362 DEBUG Horse: Создание Horse, имя [13], скорость [13.0]
2023-03-03 08:09:31,362 DEBUG Horse: Создание Horse, имя [14], скорость [14.0]
2023-03-03 08:09:31,362 DEBUG Horse: Создание Horse, имя [15], скорость [15.0]
2023-03-03 08:09:31,363 DEBUG Horse: Создание Horse, имя [16], скорость [16.0]
2023-03-03 08:09:31,363 DEBUG Horse: Создание Horse, имя [17], скорость [17.0]
2023-03-03 08:09:31,363 DEBUG Horse: Создание Horse, имя [18], скорость [18.0]
2023-03-03 08:09:31,364 DEBUG Horse: Создание Horse, имя [19], скорость [19.0]
2023-03-03 08:09:31,364 DEBUG Horse: Создание Horse, имя [20], скорость [20.0]
2023-03-03 08:09:31,364 DEBUG Horse: Создание Horse, имя [21], скорость [21.0]
2023-03-03 08:09:31,364 DEBUG Horse: Создание Horse, имя [22], скорость [22.0]
2023-03-03 08:09:31,365 DEBUG Horse: Создание Horse, имя [23], скорость [23.0]
2023-03-03 08:09:31,365 DEBUG Horse: Создание Horse, имя [24], скорость [24.0]
2023-03-03 08:09:31,365 DEBUG Horse: Создание Horse, имя [25], скорость [25.0]
2023-03-03 08:09:31,366 DEBUG Horse: Создание Horse, имя [26], скорость [26.0]
2023-03-03 08:09:31,366 DEBUG Horse: Создание Horse, имя [27], скорость [27.0]
2023-03-03 08:09:31,366 DEBUG Horse: Создание Horse, имя [28], скорость [28.0]
2023-03-03 08:09:31,366 DEBUG Horse: Создание Horse, имя [29], скорость [29.0]
2023-03-03 08:09:31,367 DEBUG Hippodrome: Создание Hippodrome, лошадей 30
]]></system-out>
  </testcase>
</testsuite>